=== Job 96306_4 ===
    Pintool:   2bit-bht  (predictors/obj-intel64/part1-2bitbht-predictor.so)
    Args:      -r 512 -p 512
    Benchmark: dealII  (./benchmarks/dealII_O3 10)
    Output:    saved-results/part1/2bit-bht_DEFAULTARGS_dealII.out
    Started:   Wed Apr 22 01:52:19 UTC 2026
Refinement cycle: 0
   Number of degrees of freedom=79
   Point value=0.111419
   Estimated error=-0.0202358
Refinement cycle: 1
   Number of degrees of freedom=303
   Point value=0.110124
   Estimated error=-0.00791284
Refinement cycle: 2
   Number of degrees of freedom=457
   Point value=0.1092
   Estimated error=-0.00475766
Refinement cycle: 3
   Number of degrees of freedom=556
   Point value=0.106639
   Estimated error=-0.000775847
Refinement cycle: 4
   Number of degrees of freedom=713
   Point value=0.107309
   Estimated error=-0.0010652
Refinement cycle: 5
   Number of degrees of freedom=1119
   Point value=0.107202
   Estimated error=-0.000795717
Refinement cycle: 6
   Number of degrees of freedom=1580
   Point value=0.106944
   Estimated error=-0.000394584
Refinement cycle: 7
   Number of degrees of freedom=2262
   Point value=0.106749
   Estimated error=-0.000102753
Refinement cycle: 8
   Number of degrees of freedom=2820
   Point value=0.106684
   Estimated error=1.7076e-05
Refinement cycle: 9
   Number of degrees of freedom=3189
   Point value=0.106627
   Estimated error=0.000142291
Refinement cycle: 10
   Number of degrees of freedom=4111
   Point value=0.107025
   Estimated error=-0.000162701

=== Done: Wed Apr 22 01:59:30 UTC 2026 ===
